<?xml version="1.0" encoding="UTF-8"?>
<!-- Generated by org.testng.reporters.JUnitReportReporter -->
<testsuite hostname="SkyNet" failures="0" tests="1" name="com.crowdstreet.runner.CrowdStreetRunner" time="31.938" errors="0" timestamp="2022-05-29T01:13:55 EDT" skipped="0">
  <testcase classname="com.crowdstreet.runner.CrowdStreetRunner" name="runScenario" time="31.938"/>
  <system-out/>
</testsuite> <!-- com.crowdstreet.runner.CrowdStreetRunner -->
